<?xml version="1.0" encoding="UTF-8"?>
<!-- Generated by org.testng.reporters.JUnitReportReporter -->
<testsuite name="scripts.VerifyInvalidLogin" tests="1" time="0.032" ignored="0" failures="0" timestamp="15 May 2017 14:59:44 GMT" skipped="1" hostname="a" errors="0">
  <testcase name="testVerifyInvalidLogin" time="0.032" classname="scripts.VerifyInvalidLogin">
    <skipped/>
  </testcase> <!-- testVerifyInvalidLogin -->
</testsuite> <!-- scripts.VerifyInvalidLogin -->
